<?xml version="1.0" encoding="UTF-8"?>
<testsuites>
  <testsuite name="C:\xampp\htdocs\laravel-challenge\phpunit.xml" tests="1" assertions="1" errors="0" failures="1" skipped="0" time="1.291919">
    <testsuite name="Feature" tests="1" assertions="1" errors="0" failures="1" skipped="0" time="1.291919">
      <testsuite name="Tests\Feature\Ticket\TicketControllerTest" file="Ticket Controller (Tests\Feature\Ticket\TicketController)" tests="1" assertions="1" errors="0" failures="1" skipped="0" time="1.291919">
        <testcase name="Validate ticket endpoint success" file="Ticket Controller (Tests\Feature\Ticket\TicketController)::Validate ticket endpoint success" class="Tests\Feature\Ticket\TicketControllerTest" classname="Tests.Feature.Ticket.TicketControllerTest" assertions="1" time="1.291919">
          <failure type="PHPUnit\Framework\ExpectationFailedException">Validate ticket endpoint successExpected response status code [200] but received 404.
Failed asserting that 404 is identical to 200.&#13;
at vendor\laravel\framework\src\Illuminate\Testing\TestResponseAssert.php:45
at vendor\laravel\framework\src\Illuminate\Testing\TestResponse.php:174
at tests\Feature\Ticket\TicketControllerTest.php:51</failure>
        </testcase>
      </testsuite>
    </testsuite>
  </testsuite>
</testsuites>
